The system is: Windows - 10.0.19043 - AMD64
Compiling the C compiler identification source file "CMakeCCompilerId.c" succeeded.
Compiler: C:/Program Files (x86)/Microsoft Visual Studio/2019/Community/VC/Tools/MSVC/14.29.30133/bin/Hostx64/x64/cl.exe 
Build flags: 
Id flags: -c 

The output was:
0
Оптимизирующий компилятор Microsoft (R) C/C++ версии 19.29.30145 для x64
(C) Корпорация Майкрософт (Microsoft Corporation).  Все права защищены.

CMakeCCompilerId.c


Compilation of the C compiler identification source "CMakeCCompilerId.c" produced "CMakeCCompilerId.obj"

The C compiler identification is MSVC, found in "C:/Users/Respeced Dreamer/Desktop/Взрывоопасно!!!1/SFMLCmake/CMakevcpkgSfmlProject2/out/build/x64-release/CMakeFiles/3.20.21032501-MSVC_2/CompilerIdC/CMakeCCompilerId.obj"

Compiling the CXX compiler identification source file "CMakeCXXCompilerId.cpp" succeeded.
Compiler: C:/Program Files (x86)/Microsoft Visual Studio/2019/Community/VC/Tools/MSVC/14.29.30133/bin/Hostx64/x64/cl.exe 
Build flags: 
Id flags: -c 

The output was:
0
Оптимизирующий компилятор Microsoft (R) C/C++ версии 19.29.30145 для x64
(C) Корпорация Майкрософт (Microsoft Corporation).  Все права защищены.

CMakeCXXCompilerId.cpp


Compilation of the CXX compiler identification source "CMakeCXXCompilerId.cpp" produced "CMakeCXXCompilerId.obj"

The CXX compiler identification is MSVC, found in "C:/Users/Respeced Dreamer/Desktop/Взрывоопасно!!!1/SFMLCmake/CMakevcpkgSfmlProject2/out/build/x64-release/CMakeFiles/3.20.21032501-MSVC_2/CompilerIdCXX/CMakeCXXCompilerId.obj"

Compiling the C compiler identification source file "CMakeCCompilerId.c" succeeded.
Compiler: C:/Program Files (x86)/Microsoft Visual Studio/2019/Community/VC/Tools/MSVC/14.29.30133/bin/Hostx64/x64/cl.exe 
Build flags: /DWIN32;/D_WINDOWS;/W3
Id flags:  

The output was:
0
Оптимизирующий компилятор Microsoft (R) C/C++ версии 19.29.30145 для x64
(C) Корпорация Майкрософт (Microsoft Corporation).  Все права защищены.

CMakeCCompilerId.c
Microsoft (R) Incremental Linker Version 14.29.30145.0
Copyright (C) Microsoft Corporation.  All rights reserved.

/out:CMakeCCompilerId.exe 
CMakeCCompilerId.obj 


Compilation of the C compiler identification source "CMakeCCompilerId.c" produced "CMakeCCompilerId.exe"

Compilation of the C compiler identification source "CMakeCCompilerId.c" produced "CMakeCCompilerId.obj"

The C compiler identification is MSVC, found in "C:/Users/Respeced Dreamer/Desktop/Взрывоопасно!!!1/SFMLCmake/CMakevcpkgSfmlProject2/out/build/x64-release/CMakeFiles/3.20.21032501-MSVC_2/CompilerIdC/CMakeCCompilerId.exe"

Compiling the CXX compiler identification source file "CMakeCXXCompilerId.cpp" succeeded.
Compiler: C:/Program Files (x86)/Microsoft Visual Studio/2019/Community/VC/Tools/MSVC/14.29.30133/bin/Hostx64/x64/cl.exe 
Build flags: 
Id flags:  

The output was:
0
Оптимизирующий компилятор Microsoft (R) C/C++ версии 19.29.30145 для x64
(C) Корпорация Майкрософт (Microsoft Corporation).  Все права защищены.

CMakeCXXCompilerId.cpp
Microsoft (R) Incremental Linker Version 14.29.30145.0
Copyright (C) Microsoft Corporation.  All rights reserved.

/out:CMakeCXXCompilerId.exe 
CMakeCXXCompilerId.obj 


Compilation of the CXX compiler identification source "CMakeCXXCompilerId.cpp" produced "CMakeCXXCompilerId.exe"

Compilation of the CXX compiler identification source "CMakeCXXCompilerId.cpp" produced "CMakeCXXCompilerId.obj"

The CXX compiler identification is MSVC, found in "C:/Users/Respeced Dreamer/Desktop/Взрывоопасно!!!1/SFMLCmake/CMakevcpkgSfmlProject2/out/build/x64-release/CMakeFiles/3.20.21032501-MSVC_2/CompilerIdCXX/CMakeCXXCompilerId.exe"

Detecting C compiler ABI info compiled with the following output:
Change Dir: C:/Users/Respeced Dreamer/Desktop/Взрывоопасно!!!1/SFMLCmake/CMakevcpkgSfmlProject2/out/build/x64-release/CMakeFiles/CMakeTmp

Run Build Command(s):C:/Program Files (x86)/Microsoft Visual Studio/2019/Community/Common7/IDE/CommonExtensions/Microsoft/CMake/Ninja/ninja.exe cmTC_14db4 && [1/2] Building C object CMakeFiles\cmTC_14db4.dir\CMakeCCompilerABI.c.obj
[2/2] Linking C executable cmTC_14db4.exe



Detecting CXX compiler ABI info compiled with the following output:
Change Dir: C:/Users/Respeced Dreamer/Desktop/Взрывоопасно!!!1/SFMLCmake/CMakevcpkgSfmlProject2/out/build/x64-release/CMakeFiles/CMakeTmp

Run Build Command(s):C:/Program Files (x86)/Microsoft Visual Studio/2019/Community/Common7/IDE/CommonExtensions/Microsoft/CMake/Ninja/ninja.exe cmTC_99996 && [1/2] Building CXX object CMakeFiles\cmTC_99996.dir\CMakeCXXCompilerABI.cpp.obj
[2/2] Linking CXX executable cmTC_99996.exe



